[INFO] Scanning for projects...
Downloading from central: https://repo.maven.apache.org/maven2/org/sonarsource/scanner/maven/sonar-maven-plugin/3.10.0.2594/sonar-maven-plugin-3.10.0.2594.pom
Progress (1): 1.1 kB
Progress (1): 2.5 kB
Progress (1): 5.9 kB
Progress (1): 9.4 kB
Progress (1): 12 kB 
                   
Downloaded from central: https://repo.maven.apache.org/maven2/org/sonarsource/scanner/maven/sonar-maven-plugin/3.10.0.2594/sonar-maven-plugin-3.10.0.2594.pom (12 kB at 11 kB/s)
Downloading from central: https://repo.maven.apache.org/maven2/org/sonarsource/parent/parent/68.0.0.247/parent-68.0.0.247.pom
Progress (1): 853 B
Progress (1): 2.5 kB
Progress (1): 4.5 kB
Progress (1): 6.3 kB
Progress (1): 8.6 kB
Progress (1): 11 kB 
Progress (1): 15 kB
Progress (1): 17 kB
Progress (1): 20 kB
Progress (1): 24 kB
Progress (1): 25 kB
Progress (1): 29 kB
Progress (1): 31 kB
Progress (1): 33 kB
                   
Downloaded from central: https://repo.maven.apache.org/maven2/org/sonarsource/parent/parent/68.0.0.247/parent-68.0.0.247.pom (33 kB at 228 kB/s)
Downloading from central: https://repo.maven.apache.org/maven2/org/sonarsource/scanner/maven/sonar-maven-plugin/3.10.0.2594/sonar-maven-plugin-3.10.0.2594.jar
Progress (1): 1.4/50 kB
Progress (1): 2.7/50 kB
Progress (1): 4.1/50 kB
Progress (1): 5.5/50 kB
Progress (1): 6.8/50 kB
Progress (1): 8.2/50 kB
Progress (1): 9.6/50 kB
Progress (1): 11/50 kB 
Progress (1): 12/50 kB
Progress (1): 14/50 kB
Progress (1): 15/50 kB
Progress (1): 16/50 kB
Progress (1): 18/50 kB
Progress (1): 19/50 kB
Progress (1): 21/50 kB
Progress (1): 22/50 kB
Progress (1): 23/50 kB
Progress (1): 25/50 kB
Progress (1): 26/50 kB
Progress (1): 27/50 kB
Progress (1): 29/50 kB
Progress (1): 30/50 kB
Progress (1): 31/50 kB
Progress (1): 33/50 kB
Progress (1): 34/50 kB
Progress (1): 36/50 kB
Progress (1): 37/50 kB
Progress (1): 38/50 kB
Progress (1): 40/50 kB
Progress (1): 41/50 kB
Progress (1): 42/50 kB
Progress (1): 47/50 kB
Progress (1): 50 kB   
                   
Downloaded from central: https://repo.maven.apache.org/maven2/org/sonarsource/scanner/maven/sonar-maven-plugin/3.10.0.2594/sonar-maven-plugin-3.10.0.2594.jar (50 kB at 705 kB/s)
Downloading from central: https://repo.maven.apache.org/maven2/host/url=http///localhost/maven-metadata.xml
[WARNING] Plugin not found in any plugin repository: .host.url=http://localhost
[INFO] ------------------------------------------------------------------------
[INFO] BUILD FAILURE
[INFO] ------------------------------------------------------------------------
[INFO] Total time:  3.721 s
[INFO] Finished at: 2026-04-01T12:11:14+05:30
[INFO] ------------------------------------------------------------------------
[ERROR] Error resolving version for plugin '.host.url=http://localhost' from the repositories [local (C:\Users\Admin\.m2\repository), central (https://repo.maven.apache.org/maven2)]: Plugin not found in any plugin repository -> [Help 1]
[ERROR] 
[ERROR] To see the full stack trace of the errors, re-run Maven with the -e switch.
[ERROR] Re-run Maven using the -X switch to enable full debug logging.
[ERROR] 
[ERROR] For more information about the errors and possible solutions, please read the following articles:
[ERROR] [Help 1] http://cwiki.apache.org/confluence/display/MAVEN/PluginVersionResolutionException
